This is pdfTeX, Version 3.14159265-2.6-1.40.17 (TeX Live 2016) (preloaded format=pdflatex 2016.12.3)  18 DEC 2016 16:43
entering extended mode
 restricted \write18 enabled.
 %&-line parsing enabled.
**report_bibliography.bib
(./report_bibliography.bib
LaTeX2e <2016/03/31>
Babel <3.9r> and hyphenation patterns for 22 language(s) loaded.

! LaTeX Error: Missing \begin{document}.

See the LaTeX manual or LaTeX Companion for explanation.
Type  H <return>  for immediate help.
 ...                                              
                                                  
l.11 @
      article{sadeghianbag,
? 
! Emergency stop.
 ...                                              
                                                  
l.11 @
      article{sadeghianbag,
You're in trouble here.  Try typing  <return>  to proceed.
If that doesn't work, type  X <return>  to quit.

 
Here is how much of TeX's memory you used:
 7 strings out of 494447
 312 string characters out of 6166766
 47243 words of memory out of 5000000
 3441 multiletter control sequences out of 15000+600000
 3640 words of font info for 14 fonts, out of 8000000 for 9000
 319 hyphenation exceptions out of 8191
 5i,0n,4p,111b,14s stack positions out of 5000i,500n,10000p,200000b,80000s
!  ==> Fatal error occurred, no output PDF file produced!
